<?xml version="1.0" encoding="UTF-8"?>
<!-- Generated by org.testng.reporters.JUnitXMLReporter -->
<testsuite ignored="0" hostname="LAPTOP-7AQI2KGT" failures="1" tests="7" name="Test" time="19.39" errors="0" timestamp="2025-04-17T17:36:51 IST">
  <testcase classname="login.Creds" name="openURL" time="1.202"/>
  <testcase classname="login.Creds" name="Credentials" time="0.33"/>
  <testcase classname="login.Creds" name="submiy" time="0.155"/>
  <testcase classname="createLead.Leads" name="login" time="0.287"/>
  <testcase classname="createLead.Leads" name="createLead" time="8.266"/>
  <testcase classname="createLead.Leads" name="createLead" time="1.774"/>
  <testcase classname="createLead.Leads" name="createLead" time="1.763">
    <failure type="org.openqa.selenium.ElementClickInterceptedException" message="element click intercepted: Element &amp;lt;button class=&amp;quot;flex items-center gap-2 px-4 h-8 justify-center rounded-md bg-[#0176D3] p-1 text-sm font-normal leading-6 text-white&amp;quot;&amp;gt;...&amp;lt;/button&amp;gt; is not clickable at point (1295, 122). Other element would receive the click: &amp;lt;div&amp;gt;...&amp;lt;/div&amp;gt;
  (Session info: chrome=135.0.7049.85)
Build info: version: &amp;apos;4.29.0&amp;apos;, revision: &amp;apos;18ae989&amp;apos;
System info: os.name: &amp;apos;Windows 11&amp;apos;, os.arch: &amp;apos;amd64&amp;apos;, os.version: &amp;apos;10.0&amp;apos;, java.version: &amp;apos;21.0.5&amp;apos;
Driver info: org.openqa.selenium.chrome.ChromeDriver
Command: [cf885a6e7588111b4e51361b79e1d163, clickElement {id=f.5933F148B598BCC1667FF741897847BE.d.AAE538064F89FB4734D29544BCB8219C.e.21}]
Capabilities {acceptInsecureCerts: false, browserName: chrome, browserVersion: 135.0.7049.85, chrome: {chromedriverVersion: 135.0.7049.95 (de2eb485a195..., userDataDir: C:\Users\Nishanth\AppData\L...}, fedcm:accounts: true, goog:chromeOptions: {debuggerAddress: localhost:57753}, networkConnectionEnabled: false, pageLoadStrategy: normal, platformName: windows, proxy: Proxy(), se:cdp: ws://localhost:57753/devtoo..., se:cdpVersion: 135.0.7049.85, setWindowRect: true, strictFileInteractability: false, timeouts: {implicit: 0, pageLoad: 300000, script: 30000}, unhandledPromptBehavior: dismiss and notify, webauthn:extension:credBlob: true, webauthn:extension:largeBlob: true, webauthn:extension:minPinLength: true, webauthn:extension:prf: true, webauthn:virtualAuthenticators: true}
Element: [[ChromeDriver: chrome on windows (cf885a6e7588111b4e51361b79e1d163)] -&amp;gt; xpath: //button[text()=&amp;apos;Create Lead&amp;apos;]]
Session ID: cf885a6e7588111b4e51361b79e1d163">
      <![CDATA[org.openqa.selenium.ElementClickInterceptedException: element click intercepted: Element <button class="flex items-center gap-2 px-4 h-8 justify-center rounded-md bg-[#0176D3] p-1 text-sm font-normal leading-6 text-white">...</button> is not clickable at point (1295, 122). Other element would receive the click: <div>...</div>
  (Session info: chrome=135.0.7049.85)
Build info: version: '4.29.0', revision: '18ae989'
System info: os.name: 'Windows 11', os.arch: 'amd64', os.version: '10.0', java.version: '21.0.5'
Driver info: org.openqa.selenium.chrome.ChromeDriver
Command: [cf885a6e7588111b4e51361b79e1d163, clickElement {id=f.5933F148B598BCC1667FF741897847BE.d.AAE538064F89FB4734D29544BCB8219C.e.21}]
Capabilities {acceptInsecureCerts: false, browserName: chrome, browserVersion: 135.0.7049.85, chrome: {chromedriverVersion: 135.0.7049.95 (de2eb485a195..., userDataDir: C:\Users\Nishanth\AppData\L...}, fedcm:accounts: true, goog:chromeOptions: {debuggerAddress: localhost:57753}, networkConnectionEnabled: false, pageLoadStrategy: normal, platformName: windows, proxy: Proxy(), se:cdp: ws://localhost:57753/devtoo..., se:cdpVersion: 135.0.7049.85, setWindowRect: true, strictFileInteractability: false, timeouts: {implicit: 0, pageLoad: 300000, script: 30000}, unhandledPromptBehavior: dismiss and notify, webauthn:extension:credBlob: true, webauthn:extension:largeBlob: true, webauthn:extension:minPinLength: true, webauthn:extension:prf: true, webauthn:virtualAuthenticators: true}
Element: [[ChromeDriver: chrome on windows (cf885a6e7588111b4e51361b79e1d163)] -> xpath: //button[text()='Create Lead']]
Session ID: cf885a6e7588111b4e51361b79e1d163
at org.openqa.selenium.remote.ErrorCodec.decode(ErrorCodec.java:167)
at org.openqa.selenium.remote.codec.w3c.W3CHttpResponseCodec.decode(W3CHttpResponseCodec.java:138)
at org.openqa.selenium.remote.codec.w3c.W3CHttpResponseCodec.decode(W3CHttpResponseCodec.java:50)
at org.openqa.selenium.remote.HttpCommandExecutor.execute(HttpCommandExecutor.java:215)
at org.openqa.selenium.remote.service.DriverCommandExecutor.invokeExecute(DriverCommandExecutor.java:216)
at org.openqa.selenium.remote.service.DriverCommandExecutor.execute(DriverCommandExecutor.java:174)
at org.openqa.selenium.remote.RemoteWebDriver.execute(RemoteWebDriver.java:545)
at org.openqa.selenium.remote.RemoteWebElement.execute(RemoteWebElement.java:223)
at org.openqa.selenium.remote.RemoteWebElement.click(RemoteWebElement.java:76)
at createLead.Leads.createLead(Leads.java:43)
at java.base/java.util.ArrayList.forEach(ArrayList.java:1596)
... Removed 28 stack frames]]>
    </failure>
  </testcase> <!-- createLead -->
</testsuite> <!-- Test -->
